<?xml version="1.0" encoding="UTF-8"?>
<testng-results ignored="0" total="1" passed="1" failed="0" skipped="0">
  <reporter-output>
  </reporter-output>
  <suite started-at="2024-02-05T11:30:35 IST" name="Default suite" finished-at="2024-02-05T11:30:59 IST" duration-ms="24414">
    <groups>
    </groups>
    <test started-at="2024-02-05T11:30:35 IST" name="Default test" finished-at="2024-02-05T11:30:59 IST" duration-ms="24414">
      <class name="projecttest.TestProject">
        <test-method is-config="true" signature="setup()[pri:0, instance:projecttest.TestProject@6025e1b6]" started-at="2024-02-05T11:30:35 IST" name="setup" finished-at="2024-02-05T11:30:36 IST" duration-ms="1667" status="PASS">
          <reporter-output>
          </reporter-output>
        </test-method> <!-- setup -->
        <test-method is-config="true" signature="url()[pri:0, instance:projecttest.TestProject@6025e1b6]" started-at="2024-02-05T11:30:37 IST" name="url" finished-at="2024-02-05T11:30:39 IST" duration-ms="2593" status="PASS">
          <reporter-output>
          </reporter-output>
        </test-method> <!-- url -->
        <test-method signature="test()[pri:0, instance:projecttest.TestProject@6025e1b6]" started-at="2024-02-05T11:30:39 IST" name="test" finished-at="2024-02-05T11:30:59 IST" duration-ms="20081" status="PASS">
          <reporter-output>
          </reporter-output>
        </test-method> <!-- test -->
      </class> <!-- projecttest.TestProject -->
    </test> <!-- Default test -->
  </suite> <!-- Default suite -->
</testng-results>
